<?xml version="1.0" encoding="UTF-8"?>
<!-- Generated by org.testng.reporters.JUnitReportReporter -->
<testsuite skipped="0" hostname="BReddy-PC" name="com.hotelapp.qa.testcases.HomePageTest" tests="3" failures="0" timestamp="15 Jan 2019 14:15:48 GMT" time="42.508" errors="0">
  <testcase name="vaidateHomePageTest" time="15.114" classname="com.hotelapp.qa.testcases.HomePageTest"/>
  <testcase name="verifyUserTest" time="13.592" classname="com.hotelapp.qa.testcases.HomePageTest"/>
  <testcase name="clickOnSearchHhotelTest" time="13.802" classname="com.hotelapp.qa.testcases.HomePageTest"/>
</testsuite> <!-- com.hotelapp.qa.testcases.HomePageTest -->
