<?xml version="1.0" encoding="UTF-8"?>
<!-- Generated by org.testng.reporters.JUnitReportReporter -->
<testsuite skipped="0" hostname="BReddy-PC" name="com.hotelapp.qa.testcases.HomePageTest" tests="3" failures="0" timestamp="12 Feb 2019 12:32:23 GMT" time="27.518" errors="0">
  <testcase name="vaidateHomePageTest" time="9.039" classname="com.hotelapp.qa.testcases.HomePageTest"/>
  <testcase name="verifyUserTest" time="8.954" classname="com.hotelapp.qa.testcases.HomePageTest"/>
  <testcase name="clickOnSearchHhotelTest" time="9.525" classname="com.hotelapp.qa.testcases.HomePageTest"/>
</testsuite> <!-- com.hotelapp.qa.testcases.HomePageTest -->
