<?xml version="1.0" encoding="UTF-8"?>
<!-- Generated by org.testng.reporters.JUnitReportReporter -->
<testsuite skipped="0" hostname="BReddy-PC" name="com.hotelapp.qa.testcases.HomePageTest" tests="3" failures="0" timestamp="12 Feb 2019 10:12:27 GMT" time="32.502" errors="0">
  <testcase name="vaidateHomePageTest" time="10.171" classname="com.hotelapp.qa.testcases.HomePageTest"/>
  <testcase name="verifyUserTest" time="10.032" classname="com.hotelapp.qa.testcases.HomePageTest"/>
  <testcase name="clickOnSearchHhotelTest" time="12.299" classname="com.hotelapp.qa.testcases.HomePageTest"/>
</testsuite> <!-- com.hotelapp.qa.testcases.HomePageTest -->
