<?xml version="1.0" encoding="UTF-8"?>
<!-- Generated by org.testng.reporters.JUnitReportReporter -->
<testsuite skipped="0" hostname="BReddy-PC" name="com.hotelapp.qa.testcases.searchBookConfirmHotelPageTest" tests="2" failures="0" timestamp="14 Jan 2019 11:18:52 GMT" time="24.258" errors="0">
  <testcase name="validateSearchPageTest" time="7.514" classname="com.hotelapp.qa.testcases.searchBookConfirmHotelPageTest"/>
  <testcase name="searchSelectBookHotelTest" time="16.744" classname="com.hotelapp.qa.testcases.searchBookConfirmHotelPageTest"/>
</testsuite> <!-- com.hotelapp.qa.testcases.searchBookConfirmHotelPageTest -->
