<?xml version="1.0" encoding="UTF-8"?>
<!-- Generated by org.testng.reporters.JUnitReportReporter -->
<testsuite skipped="0" hostname="BReddy-PC" name="com.hotelapp.qa.testcases.SearchBookConfirmHotelPageTest" tests="10" failures="0" timestamp="18 Jul 2019 17:47:36 GMT" time="293.913" errors="0">
  <testcase name="validateSearchPageTest" time="15.173" classname="com.hotelapp.qa.testcases.SearchBookConfirmHotelPageTest"/>
  <testcase name="searchSelectBookHotelTest" time="31.215" classname="com.hotelapp.qa.testcases.SearchBookConfirmHotelPageTest"/>
  <testcase name="searchSelectBookHotelTest" time="27.741" classname="com.hotelapp.qa.testcases.SearchBookConfirmHotelPageTest"/>
  <testcase name="searchSelectBookHotelTest" time="28.031" classname="com.hotelapp.qa.testcases.SearchBookConfirmHotelPageTest"/>
  <testcase name="searchSelectBookHotelTest" time="26.721" classname="com.hotelapp.qa.testcases.SearchBookConfirmHotelPageTest"/>
  <testcase name="searchSelectBookHotelTest" time="48.872" classname="com.hotelapp.qa.testcases.SearchBookConfirmHotelPageTest"/>
  <testcase name="searchSelectBookHotelTest" time="31.543" classname="com.hotelapp.qa.testcases.SearchBookConfirmHotelPageTest"/>
  <testcase name="searchSelectBookHotelTest" time="28.996" classname="com.hotelapp.qa.testcases.SearchBookConfirmHotelPageTest"/>
  <testcase name="searchSelectBookHotelTest" time="28.143" classname="com.hotelapp.qa.testcases.SearchBookConfirmHotelPageTest"/>
  <testcase name="searchSelectBookHotelTest" time="27.478" classname="com.hotelapp.qa.testcases.SearchBookConfirmHotelPageTest"/>
</testsuite> <!-- com.hotelapp.qa.testcases.SearchBookConfirmHotelPageTest -->
