<?xml version="1.0" encoding="UTF-8"?>
<!-- Generated by org.testng.reporters.JUnitReportReporter -->
<testsuite skipped="0" hostname="BReddy-PC" name="com.hotelapp.qa.testcases.LoginPageTest" tests="3" failures="0" timestamp="12 Feb 2019 10:12:27 GMT" time="27.381" errors="0">
  <testcase name="loginPageTitleTest" time="7.258" classname="com.hotelapp.qa.testcases.LoginPageTest"/>
  <testcase name="loginPageLogoTest" time="6.596" classname="com.hotelapp.qa.testcases.LoginPageTest"/>
  <testcase name="loginTest" time="13.527" classname="com.hotelapp.qa.testcases.LoginPageTest"/>
</testsuite> <!-- com.hotelapp.qa.testcases.LoginPageTest -->
