<?xml version="1.0" encoding="UTF-8"?>
<!-- Generated by org.testng.reporters.JUnitReportReporter -->
<testsuite skipped="0" hostname="BReddy-PC" name="com.hotelapp.qa.testcases.LoginPageTest" tests="3" failures="0" timestamp="15 Jan 2019 14:15:48 GMT" time="46.531" errors="0">
  <testcase name="loginPageTitleTest" time="20.266" classname="com.hotelapp.qa.testcases.LoginPageTest"/>
  <testcase name="loginPageLogoTest" time="12.435" classname="com.hotelapp.qa.testcases.LoginPageTest"/>
  <testcase name="loginTest" time="13.830" classname="com.hotelapp.qa.testcases.LoginPageTest"/>
</testsuite> <!-- com.hotelapp.qa.testcases.LoginPageTest -->
