<?xml version="1.0" encoding="UTF-8"?>
<!-- Generated by org.testng.reporters.JUnitReportReporter -->
<testsuite skipped="0" hostname="BReddy-PC" name="com.hotelapp.qa.testcases.searchBookConfirmHotelPageTest" tests="10" failures="0" timestamp="12 Feb 2019 10:12:27 GMT" time="257.278" errors="0">
  <testcase name="validateSearchPageTest" time="14.269" classname="com.hotelapp.qa.testcases.searchBookConfirmHotelPageTest"/>
  <testcase name="searchSelectBookHotelTest" time="22.683" classname="com.hotelapp.qa.testcases.searchBookConfirmHotelPageTest"/>
  <testcase name="searchSelectBookHotelTest" time="31.524" classname="com.hotelapp.qa.testcases.searchBookConfirmHotelPageTest"/>
  <testcase name="searchSelectBookHotelTest" time="24.085" classname="com.hotelapp.qa.testcases.searchBookConfirmHotelPageTest"/>
  <testcase name="searchSelectBookHotelTest" time="25.766" classname="com.hotelapp.qa.testcases.searchBookConfirmHotelPageTest"/>
  <testcase name="searchSelectBookHotelTest" time="43.300" classname="com.hotelapp.qa.testcases.searchBookConfirmHotelPageTest"/>
  <testcase name="searchSelectBookHotelTest" time="22.827" classname="com.hotelapp.qa.testcases.searchBookConfirmHotelPageTest"/>
  <testcase name="searchSelectBookHotelTest" time="23.373" classname="com.hotelapp.qa.testcases.searchBookConfirmHotelPageTest"/>
  <testcase name="searchSelectBookHotelTest" time="22.154" classname="com.hotelapp.qa.testcases.searchBookConfirmHotelPageTest"/>
  <testcase name="searchSelectBookHotelTest" time="27.297" classname="com.hotelapp.qa.testcases.searchBookConfirmHotelPageTest"/>
</testsuite> <!-- com.hotelapp.qa.testcases.searchBookConfirmHotelPageTest -->
