<?xml version="1.0" encoding="UTF-8"?>
<!-- Generated by org.testng.reporters.JUnitReportReporter -->
<testsuite skipped="0" hostname="BReddy-PC" name="com.hotelapp.qa.testcases.LoginPageTest" tests="3" failures="0" timestamp="14 Jan 2019 11:18:52 GMT" time="20.172" errors="0">
  <testcase name="loginPageTitleTest" time="7.039" classname="com.hotelapp.qa.testcases.LoginPageTest"/>
  <testcase name="loginPageLogoTest" time="5.998" classname="com.hotelapp.qa.testcases.LoginPageTest"/>
  <testcase name="loginTest" time="7.135" classname="com.hotelapp.qa.testcases.LoginPageTest"/>
</testsuite> <!-- com.hotelapp.qa.testcases.LoginPageTest -->
