<?xml version="1.0" encoding="UTF-8"?>
<!-- Generated by org.testng.reporters.JUnitReportReporter -->
<testsuite skipped="0" hostname="BReddy-PC" name="com.hotelapp.qa.testcases.LoginPageTest" tests="3" failures="0" timestamp="02 Jul 2019 16:29:46 GMT" time="47.032" errors="0">
  <testcase name="loginPageTitleTest" time="19.826" classname="com.hotelapp.qa.testcases.LoginPageTest"/>
  <testcase name="loginPageLogoTest" time="12.169" classname="com.hotelapp.qa.testcases.LoginPageTest"/>
  <testcase name="loginTest" time="15.037" classname="com.hotelapp.qa.testcases.LoginPageTest"/>
</testsuite> <!-- com.hotelapp.qa.testcases.LoginPageTest -->
