<?xml version="1.0" encoding="UTF-8"?>
<!-- Generated by org.testng.reporters.JUnitReportReporter -->
<testsuite skipped="0" hostname="BReddy-PC" name="com.hotelapp.qa.testcases.LoginPageTest" tests="3" failures="0" timestamp="12 Feb 2019 12:32:23 GMT" time="23.442" errors="0">
  <testcase name="loginPageTitleTest" time="6.422" classname="com.hotelapp.qa.testcases.LoginPageTest"/>
  <testcase name="loginPageLogoTest" time="6.042" classname="com.hotelapp.qa.testcases.LoginPageTest"/>
  <testcase name="loginTest" time="10.978" classname="com.hotelapp.qa.testcases.LoginPageTest"/>
</testsuite> <!-- com.hotelapp.qa.testcases.LoginPageTest -->
