<?xml version="1.0" encoding="UTF-8"?>
<!-- Generated by org.testng.reporters.JUnitReportReporter -->
<testsuite skipped="0" hostname="BReddy-PC" name="com.hotelapp.qa.testcases.HomePageTest" tests="3" failures="0" timestamp="14 Jan 2019 11:18:52 GMT" time="21.709" errors="0">
  <testcase name="vaidateHomePageTest" time="7.401" classname="com.hotelapp.qa.testcases.HomePageTest"/>
  <testcase name="verifyUserTest" time="6.874" classname="com.hotelapp.qa.testcases.HomePageTest"/>
  <testcase name="clickOnSearchHhotelTest" time="7.434" classname="com.hotelapp.qa.testcases.HomePageTest"/>
</testsuite> <!-- com.hotelapp.qa.testcases.HomePageTest -->
