<?xml version="1.0" encoding="UTF-8"?>
<!-- Generated by org.testng.reporters.JUnitReportReporter -->
<testsuite skipped="0" hostname="BReddy-PC" name="com.hotelapp.qa.testcases.HomePageTest" tests="3" failures="0" timestamp="12 Feb 2019 16:13:00 GMT" time="27.691" errors="0">
  <testcase name="vaidateHomePageTest" time="9.010" classname="com.hotelapp.qa.testcases.HomePageTest"/>
  <testcase name="verifyUserTest" time="8.842" classname="com.hotelapp.qa.testcases.HomePageTest"/>
  <testcase name="clickOnSearchHhotelTest" time="9.839" classname="com.hotelapp.qa.testcases.HomePageTest"/>
</testsuite> <!-- com.hotelapp.qa.testcases.HomePageTest -->
