<?xml version="1.0" encoding="UTF-8"?>
<!-- Generated by org.testng.reporters.JUnitReportReporter -->
<testsuite skipped="0" hostname="BReddy-PC" name="com.hotelapp.qa.testcases.RegistrationPageTest" tests="1" failures="0" timestamp="13 Feb 2019 12:03:13 GMT" time="23.370" errors="0">
  <testcase name="newUserRegFormTest" time="23.370" classname="com.hotelapp.qa.testcases.RegistrationPageTest"/>
</testsuite> <!-- com.hotelapp.qa.testcases.RegistrationPageTest -->
