<?xml version="1.0" encoding="UTF-8"?>
<!-- Generated by org.testng.reporters.JUnitReportReporter -->
<testsuite skipped="0" hostname="BReddy-PC" name="com.hotelapp.qa.testcases.searchBookConfirmHotelPageTest" tests="10" failures="0" timestamp="12 Feb 2019 16:13:00 GMT" time="213.200" errors="0">
  <testcase name="validateSearchPageTest" time="10.182" classname="com.hotelapp.qa.testcases.searchBookConfirmHotelPageTest"/>
  <testcase name="searchSelectBookHotelTest" time="21.959" classname="com.hotelapp.qa.testcases.searchBookConfirmHotelPageTest"/>
  <testcase name="searchSelectBookHotelTest" time="22.713" classname="com.hotelapp.qa.testcases.searchBookConfirmHotelPageTest"/>
  <testcase name="searchSelectBookHotelTest" time="21.376" classname="com.hotelapp.qa.testcases.searchBookConfirmHotelPageTest"/>
  <testcase name="searchSelectBookHotelTest" time="21.992" classname="com.hotelapp.qa.testcases.searchBookConfirmHotelPageTest"/>
  <testcase name="searchSelectBookHotelTest" time="22.968" classname="com.hotelapp.qa.testcases.searchBookConfirmHotelPageTest"/>
  <testcase name="searchSelectBookHotelTest" time="22.041" classname="com.hotelapp.qa.testcases.searchBookConfirmHotelPageTest"/>
  <testcase name="searchSelectBookHotelTest" time="21.896" classname="com.hotelapp.qa.testcases.searchBookConfirmHotelPageTest"/>
  <testcase name="searchSelectBookHotelTest" time="22.793" classname="com.hotelapp.qa.testcases.searchBookConfirmHotelPageTest"/>
  <testcase name="searchSelectBookHotelTest" time="25.280" classname="com.hotelapp.qa.testcases.searchBookConfirmHotelPageTest"/>
</testsuite> <!-- com.hotelapp.qa.testcases.searchBookConfirmHotelPageTest -->
