<?xml version="1.0" encoding="UTF-8"?>
<!-- Generated by org.testng.reporters.JUnitReportReporter -->
<testsuite skipped="0" hostname="BReddy-PC" name="com.hotelapp.qa.testcases.LoginPageTest" tests="3" failures="0" timestamp="12 Feb 2019 16:13:00 GMT" time="22.983" errors="0">
  <testcase name="loginPageTitleTest" time="6.265" classname="com.hotelapp.qa.testcases.LoginPageTest"/>
  <testcase name="loginPageLogoTest" time="6.305" classname="com.hotelapp.qa.testcases.LoginPageTest"/>
  <testcase name="loginTest" time="10.413" classname="com.hotelapp.qa.testcases.LoginPageTest"/>
</testsuite> <!-- com.hotelapp.qa.testcases.LoginPageTest -->
