<?xml version="1.0" encoding="UTF-8"?>
<!-- Generated by org.testng.reporters.JUnitReportReporter -->
<testsuite skipped="0" hostname="BReddy-PC" name="com.hotelapp.qa.testcases.RegistrationPageTest" tests="8" failures="0" timestamp="15 Feb 2019 05:26:53 GMT" time="211.807" errors="0">
  <testcase name="regPageVerifyTest" time="10.965" classname="com.hotelapp.qa.testcases.RegistrationPageTest"/>
  <testcase name="newUserRegFormTest" time="25.665" classname="com.hotelapp.qa.testcases.RegistrationPageTest"/>
  <testcase name="newUserRegFormTest" time="23.221" classname="com.hotelapp.qa.testcases.RegistrationPageTest"/>
  <testcase name="newUserRegFormTest" time="25.648" classname="com.hotelapp.qa.testcases.RegistrationPageTest"/>
  <testcase name="newUserRegFormTest" time="43.405" classname="com.hotelapp.qa.testcases.RegistrationPageTest"/>
  <testcase name="newUserRegFormTest" time="25.354" classname="com.hotelapp.qa.testcases.RegistrationPageTest"/>
  <testcase name="newUserRegFormTest" time="32.977" classname="com.hotelapp.qa.testcases.RegistrationPageTest"/>
  <testcase name="newUserRegFormTest" time="24.572" classname="com.hotelapp.qa.testcases.RegistrationPageTest"/>
</testsuite> <!-- com.hotelapp.qa.testcases.RegistrationPageTest -->
