<?xml version="1.0" encoding="UTF-8"?>
<!-- Generated by org.testng.reporters.JUnitReportReporter -->
<testsuite skipped="1" hostname="BReddy-PC" name="com.hotelapp.qa.testcases.searchBookConfirmHotelPageTest" tests="1" failures="0" timestamp="15 Jan 2019 15:53:41 GMT" time="0.000" errors="0">
  <testcase name="searchSelectBookHotelTest" time="0.000" classname="com.hotelapp.qa.testcases.searchBookConfirmHotelPageTest">
    <skipped/>
  </testcase> <!-- searchSelectBookHotelTest -->
</testsuite> <!-- com.hotelapp.qa.testcases.searchBookConfirmHotelPageTest -->
