<?xml version="1.0" encoding="UTF-8"?>
<!-- Generated by org.testng.reporters.JUnitReportReporter -->
<testsuite skipped="0" hostname="BReddy-PC" name="com.hotelapp.qa.testcases.LoginPageTest" tests="3" failures="0" timestamp="15 Feb 2019 07:06:30 GMT" time="27.391" errors="0">
  <testcase name="loginPageTitleTest" time="9.293" classname="com.hotelapp.qa.testcases.LoginPageTest"/>
  <testcase name="loginPageLogoTest" time="7.320" classname="com.hotelapp.qa.testcases.LoginPageTest"/>
  <testcase name="loginTest" time="10.778" classname="com.hotelapp.qa.testcases.LoginPageTest"/>
</testsuite> <!-- com.hotelapp.qa.testcases.LoginPageTest -->
