<?xml version="1.0" encoding="UTF-8"?>
<!-- Generated by org.testng.reporters.JUnitReportReporter -->
<testsuite skipped="0" hostname="BReddy-PC" name="com.hotelapp.qa.testcases.searchBookConfirmHotelPageTest" tests="10" failures="0" timestamp="12 Feb 2019 12:32:23 GMT" time="207.223" errors="0">
  <testcase name="validateSearchPageTest" time="9.884" classname="com.hotelapp.qa.testcases.searchBookConfirmHotelPageTest"/>
  <testcase name="searchSelectBookHotelTest" time="21.952" classname="com.hotelapp.qa.testcases.searchBookConfirmHotelPageTest"/>
  <testcase name="searchSelectBookHotelTest" time="21.662" classname="com.hotelapp.qa.testcases.searchBookConfirmHotelPageTest"/>
  <testcase name="searchSelectBookHotelTest" time="21.947" classname="com.hotelapp.qa.testcases.searchBookConfirmHotelPageTest"/>
  <testcase name="searchSelectBookHotelTest" time="21.967" classname="com.hotelapp.qa.testcases.searchBookConfirmHotelPageTest"/>
  <testcase name="searchSelectBookHotelTest" time="21.281" classname="com.hotelapp.qa.testcases.searchBookConfirmHotelPageTest"/>
  <testcase name="searchSelectBookHotelTest" time="23.777" classname="com.hotelapp.qa.testcases.searchBookConfirmHotelPageTest"/>
  <testcase name="searchSelectBookHotelTest" time="21.635" classname="com.hotelapp.qa.testcases.searchBookConfirmHotelPageTest"/>
  <testcase name="searchSelectBookHotelTest" time="21.782" classname="com.hotelapp.qa.testcases.searchBookConfirmHotelPageTest"/>
  <testcase name="searchSelectBookHotelTest" time="21.336" classname="com.hotelapp.qa.testcases.searchBookConfirmHotelPageTest"/>
</testsuite> <!-- com.hotelapp.qa.testcases.searchBookConfirmHotelPageTest -->
