<?xml version="1.0" encoding="UTF-8"?>
<!-- Generated by org.testng.reporters.JUnitReportReporter -->
<testsuite skipped="0" hostname="BReddy-PC" name="com.hotelapp.qa.testcases.LoginPageTest" tests="3" failures="0" timestamp="09 May 2019 17:01:29 GMT" time="27.715" errors="0">
  <testcase name="loginPageTitleTest" time="9.493" classname="com.hotelapp.qa.testcases.LoginPageTest"/>
  <testcase name="loginPageLogoTest" time="7.633" classname="com.hotelapp.qa.testcases.LoginPageTest"/>
  <testcase name="loginTest" time="10.589" classname="com.hotelapp.qa.testcases.LoginPageTest"/>
</testsuite> <!-- com.hotelapp.qa.testcases.LoginPageTest -->
