<?xml version="1.0" encoding="UTF-8"?>
<!-- Generated by org.testng.reporters.JUnitReportReporter -->
<testsuite skipped="0" hostname="BReddy-PC" name="com.hotelapp.qa.testcases.LoginPageTest" tests="3" failures="0" timestamp="13 Jan 2019 14:17:23 GMT" time="27.890" errors="0">
  <testcase name="loginPageTitleTest" time="7.146" classname="com.hotelapp.qa.testcases.LoginPageTest"/>
  <testcase name="loginPageLogoTest" time="12.623" classname="com.hotelapp.qa.testcases.LoginPageTest"/>
  <testcase name="loginTest" time="8.121" classname="com.hotelapp.qa.testcases.LoginPageTest"/>
</testsuite> <!-- com.hotelapp.qa.testcases.LoginPageTest -->
