<?xml version="1.0" encoding="UTF-8"?>
<!-- Generated by org.testng.reporters.JUnitReportReporter -->
<testsuite skipped="0" hostname="BReddy-PC" name="com.hotelapp.qa.testcases.SearchHotelPageTest" tests="1" failures="0" timestamp="14 Jan 2019 10:13:44 GMT" time="11.961" errors="0">
  <testcase name="searchValuesInputTest" time="11.961" classname="com.hotelapp.qa.testcases.SearchHotelPageTest"/>
</testsuite> <!-- com.hotelapp.qa.testcases.SearchHotelPageTest -->
